app/build/intermediates/manifest_merge_blame_file/debug/manifest-merger-blame-debug-report.txt
1<?xml version="1.0" encoding="utf-8"?>
2<manifest xmlns:android="http://schemas.android.com/apk/res/android"
3    package="com.example.anotherversion"
4    android:versionCode="1"
5    android:versionName="1.0" >
6
7    <uses-sdk
8        android:minSdkVersion="16"
8-->src\main\AndroidManifest.xml
9        android:targetSdkVersion="30" />
9-->src\main\AndroidManifest.xml
10
11    <application
11-->src\main\AndroidManifest.xml:5:5-26:19
12        android:allowBackup="true"
12-->src\main\AndroidManifest.xml:6:9-35
13        android:appComponentFactory="androidx.core.app.CoreComponentFactory"
13-->[androidx.core:core:1.5.0] AndroidManifest.xml:24:18-86
14        android:debuggable="true"
15        android:icon="@mipmap/ic_launcher"
15-->src\main\AndroidManifest.xml:7:9-43
16        android:label="@string/app_name"
16-->src\main\AndroidManifest.xml:8:9-41
17        android:roundIcon="@mipmap/ic_launcher_round"
17-->src\main\AndroidManifest.xml:9:9-54
18        android:supportsRtl="true"
18-->src\main\AndroidManifest.xml:10:9-35
19        android:testOnly="true"
20        android:theme="@style/Theme.Anotherversion" >
20-->src\main\AndroidManifest.xml:11:9-52
21        <activity android:name="com.example.anotherversion.ControlQuestions" />
21-->src\main\AndroidManifest.xml:14:9-54
21-->src\main\AndroidManifest.xml:14:19-51
22        <activity android:name="com.example.anotherversion.CheckAns" />
22-->src\main\AndroidManifest.xml:15:9-46
22-->src\main\AndroidManifest.xml:15:19-43
23        <activity android:name="com.example.anotherversion.SplashActivity" >
23-->src\main\AndroidManifest.xml:16:9-22:20
23-->src\main\AndroidManifest.xml:16:19-49
24            <intent-filter>
24-->src\main\AndroidManifest.xml:17:13-20:29
25                <action android:name="android.intent.action.MAIN" />
25-->src\main\AndroidManifest.xml:18:17-69
25-->src\main\AndroidManifest.xml:18:25-66
26
27                <category android:name="android.intent.category.LAUNCHER" />
27-->src\main\AndroidManifest.xml:19:17-77
27-->src\main\AndroidManifest.xml:19:27-74
28            </intent-filter>
29        </activity>
30        <activity android:name="com.example.anotherversion.EnterPassword" />
30-->src\main\AndroidManifest.xml:23:9-51
30-->src\main\AndroidManifest.xml:23:19-48
31        <activity android:name="com.example.anotherversion.CreatePassword" />
31-->src\main\AndroidManifest.xml:24:9-52
31-->src\main\AndroidManifest.xml:24:19-49
32        <activity android:name="com.example.anotherversion.MainActivity" />
32-->src\main\AndroidManifest.xml:25:9-50
32-->src\main\AndroidManifest.xml:25:19-47
33    </application>
34
35</manifest>